<?xml version="1.0" encoding="UTF-8"?>
<!-- Generated by org.testng.reporters.JUnitXMLReporter -->
<testsuite ignored="12" hostname="DESKTOP-2F2EII0" failures="0" tests="1" name="Default test" time="14.545" errors="0" timestamp="2022-06-19T15:53:29 EDT">
  <testcase classname="Kanlaya_51TestCaseTests.ShopTests" name="RoamingTax" time="9.716"/>
  <testcase classname="Kanlaya_51TestCaseTests.ShopTests" name="ShopSortingByPopularityFunctionality" time="0.0">
    <ignored/>
  </testcase> <!-- ShopSortingByPopularityFunctionality -->
  <testcase classname="Kanlaya_51TestCaseTests.ShopTests" name="ShopReadMoreFunctionality" time="0.0">
    <ignored/>
  </testcase> <!-- ShopReadMoreFunctionality -->
  <testcase classname="Kanlaya_51TestCaseTests.ShopTests" name="shopSortingByAverageRatingsFunctionality" time="0.0">
    <ignored/>
  </testcase> <!-- shopSortingByAverageRatingsFunctionality -->
  <testcase classname="Kanlaya_51TestCaseTests.ShopTests" name="ShopFilterByPriceFunctionality" time="0.0">
    <ignored/>
  </testcase> <!-- ShopFilterByPriceFunctionality -->
  <testcase classname="Kanlaya_51TestCaseTests.ShopTests" name="ShopSaleFunctionality" time="0.0">
    <ignored/>
  </testcase> <!-- ShopSaleFunctionality -->
  <testcase classname="Kanlaya_51TestCaseTests.ShopTests" name="ShopAddtoBasketViewBasketFunctionality" time="0.0">
    <ignored/>
  </testcase> <!-- ShopAddtoBasketViewBasketFunctionality -->
  <testcase classname="Kanlaya_51TestCaseTests.ShopTests" name="shopSortingByNewnessFunctionality" time="0.0">
    <ignored/>
  </testcase> <!-- shopSortingByNewnessFunctionality -->
  <testcase classname="Kanlaya_51TestCaseTests.ShopTests" name="ShopProductCategoriesFunctionality" time="0.0">
    <ignored/>
  </testcase> <!-- ShopProductCategoriesFunctionality -->
  <testcase classname="Kanlaya_51TestCaseTests.ShopTests" name="ShopAddtoBasketViewBasketTaxFunctionality" time="0.0">
    <ignored/>
  </testcase> <!-- ShopAddtoBasketViewBasketTaxFunctionality -->
  <testcase classname="Kanlaya_51TestCaseTests.ShopTests" name="shopSortingByLowToHighFunctionality" time="0.0">
    <ignored/>
  </testcase> <!-- shopSortingByLowToHighFunctionality -->
  <testcase classname="Kanlaya_51TestCaseTests.ShopTests" name="ShopAddtoBasketViewBasketthroughItemlink" time="0.0">
    <ignored/>
  </testcase> <!-- ShopAddtoBasketViewBasketthroughItemlink -->
  <testcase classname="Kanlaya_51TestCaseTests.ShopTests" name="shopSortingByHighToLowFunctionality" time="0.0">
    <ignored/>
  </testcase> <!-- shopSortingByHighToLowFunctionality -->
</testsuite> <!-- Default test -->
