<?xml version="1.0" encoding="UTF-8"?>
<!-- Generated by org.testng.reporters.JUnitXMLReporter -->
<testsuite ignored="0" hostname="DESKTOP-2F2EII0" failures="0" tests="8" name="Default test" time="22.404" errors="0" timestamp="2022-06-11T00:52:33 EDT">
  <testcase classname="Kanlaya_51TestCaseTests.MyAccountLoginTests" name="LoginAuthentication" time="4.457"/>
  <testcase classname="Kanlaya_51TestCaseTests.MyAccountLoginTests" name="LoginHandlesCaseSensitive" time="1.531"/>
  <testcase classname="Kanlaya_51TestCaseTests.MyAccountLoginTests" name="LoginPasswordShouldBeMasked" time="0.183"/>
  <testcase classname="Kanlaya_51TestCaseTests.MyAccountLoginTests" name="LoginWithCorrectUsernameAndEmptyPassword" time="1.06"/>
  <testcase classname="Kanlaya_51TestCaseTests.MyAccountLoginTests" name="LoginWithEmptyUsernameAndEmptyPassword" time="1.628"/>
  <testcase classname="Kanlaya_51TestCaseTests.MyAccountLoginTests" name="LoginWithEmptyUsernameAndValidPassword" time="1.091"/>
  <testcase classname="Kanlaya_51TestCaseTests.MyAccountLoginTests" name="LoginWithIncorrectUsernameAndIncorrectPassword" time="1.067"/>
  <testcase classname="Kanlaya_51TestCaseTests.MyAccountLoginTests" name="LoginWithValidUsernameAndPassword" time="2.066"/>
</testsuite> <!-- Default test -->
