<?xml version="1.0" encoding="UTF-8"?>
<testng-results ignored="0" total="8" passed="8" failed="0" skipped="0">
  <reporter-output>
  </reporter-output>
  <suite started-at="2022-06-11T00:52:10 EDT" name="Default suite" finished-at="2022-06-11T00:52:33 EDT" duration-ms="22404">
    <groups>
    </groups>
    <test started-at="2022-06-11T00:52:10 EDT" name="Default test" finished-at="2022-06-11T00:52:33 EDT" duration-ms="22404">
      <class name="Kanlaya_51TestCaseTests.MyAccountLoginTests">
        <test-method is-config="true" signature="setUp()[pri:0, instance:Kanlaya_51TestCaseTests.MyAccountLoginTests@6d91790b]" started-at="2022-06-11T00:52:10 EDT" name="setUp" finished-at="2022-06-11T00:52:10 EDT" duration-ms="7" status="PASS">
          <reporter-output>
          </reporter-output>
        </test-method> <!-- setUp -->
        <test-method is-config="true" signature="beforeMethod()[pri:0, instance:Kanlaya_51TestCaseTests.MyAccountLoginTests@6d91790b]" started-at="2022-06-11T00:52:10 EDT" name="beforeMethod" finished-at="2022-06-11T00:52:13 EDT" duration-ms="2900" status="PASS">
          <reporter-output>
          </reporter-output>
        </test-method> <!-- beforeMethod -->
        <test-method signature="LoginAuthentication()[pri:0, instance:Kanlaya_51TestCaseTests.MyAccountLoginTests@6d91790b]" started-at="2022-06-11T00:52:13 EDT" name="LoginAuthentication" finished-at="2022-06-11T00:52:18 EDT" duration-ms="4457" status="PASS">
          <reporter-output>
          </reporter-output>
        </test-method> <!-- LoginAuthentication -->
        <test-method is-config="true" signature="beforeMethod()[pri:0, instance:Kanlaya_51TestCaseTests.MyAccountLoginTests@6d91790b]" started-at="2022-06-11T00:52:18 EDT" name="beforeMethod" finished-at="2022-06-11T00:52:19 EDT" duration-ms="909" status="PASS">
          <reporter-output>
          </reporter-output>
        </test-method> <!-- beforeMethod -->
        <test-method signature="LoginHandlesCaseSensitive()[pri:0, instance:Kanlaya_51TestCaseTests.MyAccountLoginTests@6d91790b]" started-at="2022-06-11T00:52:19 EDT" name="LoginHandlesCaseSensitive" finished-at="2022-06-11T00:52:20 EDT" duration-ms="1531" status="PASS">
          <reporter-output>
          </reporter-output>
        </test-method> <!-- LoginHandlesCaseSensitive -->
        <test-method is-config="true" signature="beforeMethod()[pri:0, instance:Kanlaya_51TestCaseTests.MyAccountLoginTests@6d91790b]" started-at="2022-06-11T00:52:20 EDT" name="beforeMethod" finished-at="2022-06-11T00:52:21 EDT" duration-ms="874" status="PASS">
          <reporter-output>
          </reporter-output>
        </test-method> <!-- beforeMethod -->
        <test-method signature="LoginPasswordShouldBeMasked()[pri:0, instance:Kanlaya_51TestCaseTests.MyAccountLoginTests@6d91790b]" started-at="2022-06-11T00:52:21 EDT" name="LoginPasswordShouldBeMasked" finished-at="2022-06-11T00:52:21 EDT" duration-ms="183" status="PASS">
          <reporter-output>
          </reporter-output>
        </test-method> <!-- LoginPasswordShouldBeMasked -->
        <test-method is-config="true" signature="beforeMethod()[pri:0, instance:Kanlaya_51TestCaseTests.MyAccountLoginTests@6d91790b]" started-at="2022-06-11T00:52:21 EDT" name="beforeMethod" finished-at="2022-06-11T00:52:22 EDT" duration-ms="1055" status="PASS">
          <reporter-output>
          </reporter-output>
        </test-method> <!-- beforeMethod -->
        <test-method signature="LoginWithCorrectUsernameAndEmptyPassword()[pri:0, instance:Kanlaya_51TestCaseTests.MyAccountLoginTests@6d91790b]" started-at="2022-06-11T00:52:22 EDT" name="LoginWithCorrectUsernameAndEmptyPassword" finished-at="2022-06-11T00:52:23 EDT" duration-ms="1060" status="PASS">
          <reporter-output>
          </reporter-output>
        </test-method> <!-- LoginWithCorrectUsernameAndEmptyPassword -->
        <test-method is-config="true" signature="beforeMethod()[pri:0, instance:Kanlaya_51TestCaseTests.MyAccountLoginTests@6d91790b]" started-at="2022-06-11T00:52:23 EDT" name="beforeMethod" finished-at="2022-06-11T00:52:24 EDT" duration-ms="861" status="PASS">
          <reporter-output>
          </reporter-output>
        </test-method> <!-- beforeMethod -->
        <test-method signature="LoginWithEmptyUsernameAndEmptyPassword()[pri:0, instance:Kanlaya_51TestCaseTests.MyAccountLoginTests@6d91790b]" started-at="2022-06-11T00:52:24 EDT" name="LoginWithEmptyUsernameAndEmptyPassword" finished-at="2022-06-11T00:52:26 EDT" duration-ms="1628" status="PASS">
          <reporter-output>
          </reporter-output>
        </test-method> <!-- LoginWithEmptyUsernameAndEmptyPassword -->
        <test-method is-config="true" signature="beforeMethod()[pri:0, instance:Kanlaya_51TestCaseTests.MyAccountLoginTests@6d91790b]" started-at="2022-06-11T00:52:26 EDT" name="beforeMethod" finished-at="2022-06-11T00:52:27 EDT" duration-ms="861" status="PASS">
          <reporter-output>
          </reporter-output>
        </test-method> <!-- beforeMethod -->
        <test-method signature="LoginWithEmptyUsernameAndValidPassword()[pri:0, instance:Kanlaya_51TestCaseTests.MyAccountLoginTests@6d91790b]" started-at="2022-06-11T00:52:27 EDT" name="LoginWithEmptyUsernameAndValidPassword" finished-at="2022-06-11T00:52:28 EDT" duration-ms="1091" status="PASS">
          <reporter-output>
          </reporter-output>
        </test-method> <!-- LoginWithEmptyUsernameAndValidPassword -->
        <test-method is-config="true" signature="beforeMethod()[pri:0, instance:Kanlaya_51TestCaseTests.MyAccountLoginTests@6d91790b]" started-at="2022-06-11T00:52:28 EDT" name="beforeMethod" finished-at="2022-06-11T00:52:29 EDT" duration-ms="784" status="PASS">
          <reporter-output>
          </reporter-output>
        </test-method> <!-- beforeMethod -->
        <test-method signature="LoginWithIncorrectUsernameAndIncorrectPassword()[pri:0, instance:Kanlaya_51TestCaseTests.MyAccountLoginTests@6d91790b]" started-at="2022-06-11T00:52:29 EDT" name="LoginWithIncorrectUsernameAndIncorrectPassword" finished-at="2022-06-11T00:52:30 EDT" duration-ms="1067" status="PASS">
          <reporter-output>
          </reporter-output>
        </test-method> <!-- LoginWithIncorrectUsernameAndIncorrectPassword -->
        <test-method is-config="true" signature="beforeMethod()[pri:0, instance:Kanlaya_51TestCaseTests.MyAccountLoginTests@6d91790b]" started-at="2022-06-11T00:52:30 EDT" name="beforeMethod" finished-at="2022-06-11T00:52:31 EDT" duration-ms="944" status="PASS">
          <reporter-output>
          </reporter-output>
        </test-method> <!-- beforeMethod -->
        <test-method signature="LoginWithValidUsernameAndPassword()[pri:0, instance:Kanlaya_51TestCaseTests.MyAccountLoginTests@6d91790b]" started-at="2022-06-11T00:52:31 EDT" name="LoginWithValidUsernameAndPassword" finished-at="2022-06-11T00:52:33 EDT" duration-ms="2066" status="PASS">
          <reporter-output>
          </reporter-output>
        </test-method> <!-- LoginWithValidUsernameAndPassword -->
        <test-method is-config="true" signature="tearDown()[pri:0, instance:Kanlaya_51TestCaseTests.MyAccountLoginTests@6d91790b]" started-at="2022-06-11T00:52:33 EDT" name="tearDown" finished-at="2022-06-11T00:52:33 EDT" duration-ms="87" status="PASS">
          <reporter-output>
          </reporter-output>
        </test-method> <!-- tearDown -->
      </class> <!-- Kanlaya_51TestCaseTests.MyAccountLoginTests -->
    </test> <!-- Default test -->
  </suite> <!-- Default suite -->
</testng-results>
