<?xml version="1.0" encoding="UTF-8"?>
<testng-results ignored="12" total="13" passed="1" failed="0" skipped="0">
  <reporter-output>
  </reporter-output>
  <suite started-at="2022-06-19T15:53:14 EDT" name="Default suite" finished-at="2022-06-19T15:53:29 EDT" duration-ms="14545">
    <groups>
    </groups>
    <test started-at="2022-06-19T15:53:14 EDT" name="Default test" finished-at="2022-06-19T15:53:29 EDT" duration-ms="14545">
      <class name="Kanlaya_51TestCaseTests.ShopTests">
        <test-method is-config="true" signature="setUp()[pri:0, instance:Kanlaya_51TestCaseTests.ShopTests@cda0432]" started-at="2022-06-19T15:53:14 EDT" name="setUp" finished-at="2022-06-19T15:53:14 EDT" duration-ms="4" status="PASS">
          <reporter-output>
          </reporter-output>
        </test-method> <!-- setUp -->
        <test-method is-config="true" signature="beforeMethod()[pri:0, instance:Kanlaya_51TestCaseTests.ShopTests@cda0432]" started-at="2022-06-19T15:53:14 EDT" name="beforeMethod" finished-at="2022-06-19T15:53:19 EDT" duration-ms="4670" status="PASS">
          <reporter-output>
          </reporter-output>
        </test-method> <!-- beforeMethod -->
        <test-method signature="RoamingTax()[pri:0, instance:Kanlaya_51TestCaseTests.ShopTests@cda0432]" started-at="2022-06-19T15:53:19 EDT" name="RoamingTax" finished-at="2022-06-19T15:53:29 EDT" duration-ms="9716" status="PASS">
          <reporter-output>
          </reporter-output>
        </test-method> <!-- RoamingTax -->
        <test-method is-config="true" signature="tearDown()[pri:0, instance:Kanlaya_51TestCaseTests.ShopTests@cda0432]" started-at="2022-06-19T15:53:29 EDT" name="tearDown" finished-at="2022-06-19T15:53:29 EDT" duration-ms="126" status="PASS">
          <reporter-output>
          </reporter-output>
        </test-method> <!-- tearDown -->
      </class> <!-- Kanlaya_51TestCaseTests.ShopTests -->
    </test> <!-- Default test -->
  </suite> <!-- Default suite -->
</testng-results>
